# JRE version: OpenJDK Runtime Environment Temurin-17.0.5+8 (17.0.5+8) (build 17.0.5+8)
# Java VM: OpenJDK 64-Bit Server VM Temurin-17.0.5+8 (17.0.5+8, mixed mode, emulated-client, tiered, compressed oops, compressed class ptrs, g1 gc, windows-amd64)
GC Precious Log:
 CPUs: 16 total, 16 available
 Memory: 16332M
 Large Page Support: Disabled
 NUMA Support: Disabled
 Compressed Oops: Enabled (Zero based)
 Heap Region Size: 2M
 Heap Min Capacity: 8M
 Heap Initial Capacity: 256M
 Heap Max Capacity: 4084M
 Pre-touch: Disabled
 Parallel Workers: 13
 Concurrent Workers: 3
 Concurrent Refinement Workers: 13
 Periodic GC: Disabled
Heap:
 garbage-first heap   total 530432K, used 138643K [0x0000000700c00000, 0x0000000800000000)
  region size 2048K, 16 young (32768K), 16 survivors (32768K)
 Metaspace       used 42862K, committed 43264K, reserved 1089536K
  class space    used 5338K, committed 5504K, reserved 1048576K
GC Heap History (20 events):
Event: 2.118 GC heap after
{Heap after GC invocations=14 (full 0):
 garbage-first heap   total 120832K, used 49886K [0x0000000700c00000, 0x0000000800000000)
  region size 2048K, 4 young (8192K), 4 survivors (8192K)
 Metaspace       used 38417K, committed 38720K, reserved 1089536K
  class space    used 4831K, committed 4992K, reserved 1048576K
}
Event: 2.236 GC heap before
{Heap before GC invocations=14 (full 0):
 garbage-first heap   total 120832K, used 84702K [0x0000000700c00000, 0x0000000800000000)
  region size 2048K, 21 young (43008K), 4 survivors (8192K)
 Metaspace       used 39232K, committed 39552K, reserved 1089536K
  class space    used 4955K, committed 5120K, reserved 1048576K
}
Event: 2.239 GC heap after
{Heap after GC invocations=15 (full 0):
 garbage-first heap   total 120832K, used 59022K [0x0000000700c00000, 0x0000000800000000)
  region size 2048K, 3 young (6144K), 3 survivors (6144K)
 Metaspace       used 39232K, committed 39552K, reserved 1089536K
  class space    used 4955K, committed 5120K, reserved 1048576K
}
Event: 2.273 GC heap before
{Heap before GC invocations=15 (full 0):
 garbage-first heap   total 120832K, used 83598K [0x0000000700c00000, 0x0000000800000000)
  region size 2048K, 16 young (32768K), 3 survivors (6144K)
 Metaspace       used 40238K, committed 40640K, reserved 1089536K
  class space    used 5062K, committed 5248K, reserved 1048576K
}
Event: 2.285 GC heap after
{Heap after GC invocations=16 (full 0):
 garbage-first heap   total 225280K, used 68349K [0x0000000700c00000, 0x0000000800000000)
  region size 2048K, 2 young (4096K), 2 survivors (4096K)
 Metaspace       used 40238K, committed 40640K, reserved 1089536K
  class space    used 5062K, committed 5248K, reserved 1048576K
}
Event: 2.308 GC heap before
{Heap before GC invocations=16 (full 0):
 garbage-first heap   total 225280K, used 140029K [0x0000000700c00000, 0x0000000800000000)
  region size 2048K, 38 young (77824K), 2 survivors (4096K)
 Metaspace       used 40263K, committed 40640K, reserved 1089536K
  class space    used 5065K, committed 5248K, reserved 1048576K
}
Event: 2.312 GC heap after
{Heap after GC invocations=17 (full 0):
 garbage-first heap   total 225280K, used 71527K [0x0000000700c00000, 0x0000000800000000)
  region size 2048K, 4 young (8192K), 4 survivors (8192K)
 Metaspace       used 40263K, committed 40640K, reserved 1089536K
  class space    used 5065K, committed 5248K, reserved 1048576K
}
Event: 2.331 GC heap before
{Heap before GC invocations=17 (full 0):
 garbage-first heap   total 225280K, used 153447K [0x0000000700c00000, 0x0000000800000000)
  region size 2048K, 45 young (92160K), 4 survivors (8192K)
 Metaspace       used 40290K, committed 40640K, reserved 1089536K
  class space    used 5071K, committed 5248K, reserved 1048576K
}
Event: 2.335 GC heap after
{Heap after GC invocations=18 (full 0):
 garbage-first heap   total 225280K, used 75143K [0x0000000700c00000, 0x0000000800000000)
  region size 2048K, 4 young (8192K), 4 survivors (8192K)
 Metaspace       used 40290K, committed 40640K, reserved 1089536K
  class space    used 5071K, committed 5248K, reserved 1048576K
}
Event: 2.352 GC heap before
{Heap before GC invocations=19 (full 0):
 garbage-first heap   total 225280K, used 159111K [0x0000000700c00000, 0x0000000800000000)
  region size 2048K, 46 young (94208K), 4 survivors (8192K)
 Metaspace       used 40332K, committed 40704K, reserved 1089536K
  class space    used 5080K, committed 5248K, reserved 1048576K
}
Event: 2.357 GC heap after
{Heap after GC invocations=20 (full 0):
 garbage-first heap   total 225280K, used 79522K [0x0000000700c00000, 0x0000000800000000)
  region size 2048K, 4 young (8192K), 4 survivors (8192K)
 Metaspace       used 40332K, committed 40704K, reserved 1089536K
  class space    used 5080K, committed 5248K, reserved 1048576K
}
Event: 2.368 GC heap before
{Heap before GC invocations=20 (full 0):
 garbage-first heap   total 225280K, used 165538K [0x0000000700c00000, 0x0000000800000000)
  region size 2048K, 47 young (96256K), 4 survivors (8192K)
 Metaspace       used 40405K, committed 40768K, reserved 1089536K
  class space    used 5088K, committed 5248K, reserved 1048576K
}
Event: 2.373 GC heap after
{Heap after GC invocations=21 (full 0):
 garbage-first heap   total 530432K, used 82399K [0x0000000700c00000, 0x0000000800000000)
  region size 2048K, 4 young (8192K), 4 survivors (8192K)
 Metaspace       used 40405K, committed 40768K, reserved 1089536K
  class space    used 5088K, committed 5248K, reserved 1048576K
}
Event: 2.430 GC heap before
{Heap before GC invocations=21 (full 0):
 garbage-first heap   total 530432K, used 389599K [0x0000000700c00000, 0x0000000800000000)
  region size 2048K, 155 young (317440K), 4 survivors (8192K)
 Metaspace       used 40933K, committed 41280K, reserved 1089536K
  class space    used 5127K, committed 5248K, reserved 1048576K
}
Event: 2.439 GC heap after
{Heap after GC invocations=22 (full 0):
 garbage-first heap   total 530432K, used 94883K [0x0000000700c00000, 0x0000000800000000)
  region size 2048K, 10 young (20480K), 10 survivors (20480K)
 Metaspace       used 40933K, committed 41280K, reserved 1089536K
  class space    used 5127K, committed 5248K, reserved 1048576K
}
Event: 2.475 GC heap before
{Heap before GC invocations=22 (full 0):
 garbage-first heap   total 530432K, used 389795K [0x0000000700c00000, 0x0000000800000000)
  region size 2048K, 155 young (317440K), 10 survivors (20480K)
 Metaspace       used 41380K, committed 41792K, reserved 1089536K
  class space    used 5167K, committed 5376K, reserved 1048576K
}
Event: 2.487 GC heap after
{Heap after GC invocations=23 (full 0):
 garbage-first heap   total 530432K, used 106699K [0x0000000700c00000, 0x0000000800000000)
  region size 2048K, 16 young (32768K), 16 survivors (32768K)
 Metaspace       used 41380K, committed 41792K, reserved 1089536K
  class space    used 5167K, committed 5376K, reserved 1048576K
}
Event: 2.524 GC heap before
{Heap before GC invocations=23 (full 0):
 garbage-first heap   total 530432K, used 389323K [0x0000000700c00000, 0x0000000800000000)
  region size 2048K, 155 young (317440K), 16 survivors (32768K)
 Metaspace       used 42248K, committed 42624K, reserved 1089536K
  class space    used 5256K, committed 5440K, reserved 1048576K
}
Event: 2.540 GC heap after
{Heap after GC invocations=24 (full 0):
 garbage-first heap   total 530432K, used 119960K [0x0000000700c00000, 0x0000000800000000)
  region size 2048K, 13 young (26624K), 13 survivors (26624K)
 Metaspace       used 42248K, committed 42624K, reserved 1089536K
  class space    used 5256K, committed 5440K, reserved 1048576K
}
Event: 2.575 GC heap before
{Heap before GC invocations=24 (full 0):
 garbage-first heap   total 530432K, used 408728K [0x0000000700c00000, 0x0000000800000000)
  region size 2048K, 155 young (317440K), 13 survivors (26624K)
 Metaspace       used 42862K, committed 43264K, reserved 1089536K
  class space    used 5338K, committed 5504K, reserved 1048576K
}

