# JRE version: OpenJDK Runtime Environment Temurin-17.0.5+8 (17.0.5+8) (build 17.0.5+8)
# Java VM: OpenJDK 64-Bit Server VM Temurin-17.0.5+8 (17.0.5+8, mixed mode, emulated-client, tiered, compressed oops, compressed class ptrs, g1 gc, windows-amd64)
GC Precious Log:
 CPUs: 16 total, 16 available
 Memory: 16332M
 Large Page Support: Disabled
 NUMA Support: Disabled
 Compressed Oops: Enabled (Zero based)
 Heap Region Size: 2M
 Heap Min Capacity: 8M
 Heap Initial Capacity: 256M
 Heap Max Capacity: 4084M
 Pre-touch: Disabled
 Parallel Workers: 13
 Concurrent Workers: 3
 Concurrent Refinement Workers: 13
 Periodic GC: Disabled
Heap:
 garbage-first heap   total 550912K, used 146690K [0x0000000700c00000, 0x0000000800000000)
  region size 2048K, 18 young (36864K), 18 survivors (36864K)
 Metaspace       used 47966K, committed 48384K, reserved 1097728K
  class space    used 6045K, committed 6208K, reserved 1048576K
GC Heap History (20 events):
Event: 2.270 GC heap after
{Heap after GC invocations=11 (full 0):
 garbage-first heap   total 122880K, used 42471K [0x0000000700c00000, 0x0000000800000000)
  region size 2048K, 5 young (10240K), 5 survivors (10240K)
 Metaspace       used 37742K, committed 38016K, reserved 1089536K
  class space    used 4755K, committed 4864K, reserved 1048576K
}
Event: 2.273 GC heap before
{Heap before GC invocations=11 (full 0):
 garbage-first heap   total 122880K, used 44519K [0x0000000700c00000, 0x0000000800000000)
  region size 2048K, 6 young (12288K), 5 survivors (10240K)
 Metaspace       used 37770K, committed 38016K, reserved 1089536K
  class space    used 4763K, committed 4864K, reserved 1048576K
}
Event: 2.277 GC heap after
{Heap after GC invocations=12 (full 0):
 garbage-first heap   total 122880K, used 44726K [0x0000000700c00000, 0x0000000800000000)
  region size 2048K, 1 young (2048K), 1 survivors (2048K)
 Metaspace       used 37770K, committed 38016K, reserved 1089536K
  class space    used 4763K, committed 4864K, reserved 1048576K
}
Event: 2.397 GC heap before
{Heap before GC invocations=12 (full 0):
 garbage-first heap   total 122880K, used 85686K [0x0000000700c00000, 0x0000000800000000)
  region size 2048K, 21 young (43008K), 1 survivors (2048K)
 Metaspace       used 39039K, committed 39424K, reserved 1089536K
  class space    used 4924K, committed 5120K, reserved 1048576K
}
Event: 2.400 GC heap after
{Heap after GC invocations=13 (full 0):
 garbage-first heap   total 262144K, used 51113K [0x0000000700c00000, 0x0000000800000000)
  region size 2048K, 3 young (6144K), 3 survivors (6144K)
 Metaspace       used 39039K, committed 39424K, reserved 1089536K
  class space    used 4924K, committed 5120K, reserved 1048576K
}
Event: 2.507 GC heap before
{Heap before GC invocations=13 (full 0):
 garbage-first heap   total 262144K, used 188329K [0x0000000700c00000, 0x0000000800000000)
  region size 2048K, 71 young (145408K), 3 survivors (6144K)
 Metaspace       used 40164K, committed 40576K, reserved 1089536K
  class space    used 5041K, committed 5248K, reserved 1048576K
}
Event: 2.522 GC heap after
{Heap after GC invocations=14 (full 0):
 garbage-first heap   total 262144K, used 71178K [0x0000000700c00000, 0x0000000800000000)
  region size 2048K, 9 young (18432K), 9 survivors (18432K)
 Metaspace       used 40164K, committed 40576K, reserved 1089536K
  class space    used 5041K, committed 5248K, reserved 1048576K
}
Event: 2.542 GC heap before
{Heap before GC invocations=14 (full 0):
 garbage-first heap   total 262144K, used 175626K [0x0000000700c00000, 0x0000000800000000)
  region size 2048K, 61 young (124928K), 9 survivors (18432K)
 Metaspace       used 40187K, committed 40576K, reserved 1089536K
  class space    used 5046K, committed 5248K, reserved 1048576K
}
Event: 2.548 GC heap after
{Heap after GC invocations=15 (full 0):
 garbage-first heap   total 262144K, used 76539K [0x0000000700c00000, 0x0000000800000000)
  region size 2048K, 3 young (6144K), 3 survivors (6144K)
 Metaspace       used 40187K, committed 40576K, reserved 1089536K
  class space    used 5046K, committed 5248K, reserved 1048576K
}
Event: 2.568 GC heap before
{Heap before GC invocations=15 (full 0):
 garbage-first heap   total 262144K, used 185083K [0x0000000700c00000, 0x0000000800000000)
  region size 2048K, 57 young (116736K), 3 survivors (6144K)
 Metaspace       used 40225K, committed 40576K, reserved 1089536K
  class space    used 5059K, committed 5248K, reserved 1048576K
}
Event: 2.572 GC heap after
{Heap after GC invocations=16 (full 0):
 garbage-first heap   total 262144K, used 80375K [0x0000000700c00000, 0x0000000800000000)
  region size 2048K, 5 young (10240K), 5 survivors (10240K)
 Metaspace       used 40225K, committed 40576K, reserved 1089536K
  class space    used 5059K, committed 5248K, reserved 1048576K
}
Event: 2.594 GC heap before
{Heap before GC invocations=16 (full 0):
 garbage-first heap   total 262144K, used 193015K [0x0000000700c00000, 0x0000000800000000)
  region size 2048K, 61 young (124928K), 5 survivors (10240K)
 Metaspace       used 40299K, committed 40640K, reserved 1089536K
  class space    used 5069K, committed 5248K, reserved 1048576K
}
Event: 2.601 GC heap after
{Heap after GC invocations=17 (full 0):
 garbage-first heap   total 550912K, used 85851K [0x0000000700c00000, 0x0000000800000000)
  region size 2048K, 5 young (10240K), 5 survivors (10240K)
 Metaspace       used 40299K, committed 40640K, reserved 1089536K
  class space    used 5069K, committed 5248K, reserved 1048576K
}
Event: 2.667 GC heap before
{Heap before GC invocations=17 (full 0):
 garbage-first heap   total 550912K, used 403291K [0x0000000700c00000, 0x0000000800000000)
  region size 2048K, 161 young (329728K), 5 survivors (10240K)
 Metaspace       used 40805K, committed 41152K, reserved 1089536K
  class space    used 5108K, committed 5248K, reserved 1048576K
}
Event: 2.675 GC heap after
{Heap after GC invocations=18 (full 0):
 garbage-first heap   total 550912K, used 98803K [0x0000000700c00000, 0x0000000800000000)
  region size 2048K, 12 young (24576K), 12 survivors (24576K)
 Metaspace       used 40805K, committed 41152K, reserved 1089536K
  class space    used 5108K, committed 5248K, reserved 1048576K
}
Event: 2.711 GC heap before
{Heap before GC invocations=18 (full 0):
 garbage-first heap   total 550912K, used 401907K [0x0000000700c00000, 0x0000000800000000)
  region size 2048K, 161 young (329728K), 12 survivors (24576K)
 Metaspace       used 41033K, committed 41408K, reserved 1089536K
  class space    used 5122K, committed 5312K, reserved 1048576K
}
Event: 2.724 GC heap after
{Heap after GC invocations=19 (full 0):
 garbage-first heap   total 550912K, used 111195K [0x0000000700c00000, 0x0000000800000000)
  region size 2048K, 16 young (32768K), 16 survivors (32768K)
 Metaspace       used 41033K, committed 41408K, reserved 1089536K
  class space    used 5122K, committed 5312K, reserved 1048576K
}
Event: 2.760 GC heap before
{Heap before GC invocations=19 (full 0):
 garbage-first heap   total 550912K, used 406107K [0x0000000700c00000, 0x0000000800000000)
  region size 2048K, 161 young (329728K), 16 survivors (32768K)
 Metaspace       used 41102K, committed 41472K, reserved 1089536K
  class space    used 5131K, committed 5312K, reserved 1048576K
}
Event: 2.775 GC heap after
{Heap after GC invocations=20 (full 0):
 garbage-first heap   total 550912K, used 127989K [0x0000000700c00000, 0x0000000800000000)
  region size 2048K, 15 young (30720K), 15 survivors (30720K)
 Metaspace       used 41102K, committed 41472K, reserved 1089536K
  class space    used 5131K, committed 5312K, reserved 1048576K
}
Event: 2.916 GC heap before
{Heap before GC invocations=20 (full 0):
 garbage-first heap   total 550912K, used 424949K [0x0000000700c00000, 0x0000000800000000)
  region size 2048K, 161 young (329728K), 15 survivors (30720K)
 Metaspace       used 47966K, committed 48384K, reserved 1097728K
  class space    used 6045K, committed 6208K, reserved 1048576K
}

