# JRE version: OpenJDK Runtime Environment Temurin-17.0.5+8 (17.0.5+8) (build 17.0.5+8)
# Java VM: OpenJDK 64-Bit Server VM Temurin-17.0.5+8 (17.0.5+8, mixed mode, emulated-client, tiered, compressed oops, compressed class ptrs, g1 gc, windows-amd64)
GC Precious Log:
 CPUs: 16 total, 16 available
 Memory: 16332M
 Large Page Support: Disabled
 NUMA Support: Disabled
 Compressed Oops: Enabled (Zero based)
 Heap Region Size: 2M
 Heap Min Capacity: 8M
 Heap Initial Capacity: 256M
 Heap Max Capacity: 4084M
 Pre-touch: Disabled
 Parallel Workers: 13
 Concurrent Workers: 3
 Concurrent Refinement Workers: 13
 Periodic GC: Disabled
Heap:
 garbage-first heap   total 432128K, used 117844K [0x0000000700c00000, 0x0000000800000000)
  region size 2048K, 10 young (20480K), 10 survivors (20480K)
 Metaspace       used 42043K, committed 42432K, reserved 1089536K
  class space    used 5217K, committed 5376K, reserved 1048576K
GC Heap History (20 events):
Event: 2.685 GC heap after
{Heap after GC invocations=13 (full 0):
 garbage-first heap   total 122880K, used 41352K [0x0000000700c00000, 0x0000000800000000)
  region size 2048K, 5 young (10240K), 5 survivors (10240K)
 Metaspace       used 37536K, committed 37824K, reserved 1089536K
  class space    used 4747K, committed 4864K, reserved 1048576K
}
Event: 2.764 GC heap before
{Heap before GC invocations=13 (full 0):
 garbage-first heap   total 122880K, used 78216K [0x0000000700c00000, 0x0000000800000000)
  region size 2048K, 24 young (49152K), 5 survivors (10240K)
 Metaspace       used 38418K, committed 38720K, reserved 1089536K
  class space    used 4832K, committed 4992K, reserved 1048576K
}
Event: 2.770 GC heap after
{Heap after GC invocations=14 (full 0):
 garbage-first heap   total 122880K, used 49351K [0x0000000700c00000, 0x0000000800000000)
  region size 2048K, 3 young (6144K), 3 survivors (6144K)
 Metaspace       used 38418K, committed 38720K, reserved 1089536K
  class space    used 4832K, committed 4992K, reserved 1048576K
}
Event: 2.887 GC heap before
{Heap before GC invocations=14 (full 0):
 garbage-first heap   total 122880K, used 82119K [0x0000000700c00000, 0x0000000800000000)
  region size 2048K, 20 young (40960K), 3 survivors (6144K)
 Metaspace       used 39286K, committed 39680K, reserved 1089536K
  class space    used 4963K, committed 5120K, reserved 1048576K
}
Event: 2.892 GC heap after
{Heap after GC invocations=15 (full 0):
 garbage-first heap   total 202752K, used 58443K [0x0000000700c00000, 0x0000000800000000)
  region size 2048K, 3 young (6144K), 3 survivors (6144K)
 Metaspace       used 39286K, committed 39680K, reserved 1089536K
  class space    used 4963K, committed 5120K, reserved 1048576K
}
Event: 2.951 GC heap before
{Heap before GC invocations=15 (full 0):
 garbage-first heap   total 202752K, used 134219K [0x0000000700c00000, 0x0000000800000000)
  region size 2048K, 41 young (83968K), 3 survivors (6144K)
 Metaspace       used 40641K, committed 41024K, reserved 1089536K
  class space    used 5111K, committed 5312K, reserved 1048576K
}
Event: 2.964 GC heap after
{Heap after GC invocations=16 (full 0):
 garbage-first heap   total 202752K, used 70810K [0x0000000700c00000, 0x0000000800000000)
  region size 2048K, 6 young (12288K), 6 survivors (12288K)
 Metaspace       used 40641K, committed 41024K, reserved 1089536K
  class space    used 5111K, committed 5312K, reserved 1048576K
}
Event: 2.978 GC heap before
{Heap before GC invocations=16 (full 0):
 garbage-first heap   total 202752K, used 138394K [0x0000000700c00000, 0x0000000800000000)
  region size 2048K, 40 young (81920K), 6 survivors (12288K)
 Metaspace       used 40660K, committed 41088K, reserved 1089536K
  class space    used 5114K, committed 5312K, reserved 1048576K
}
Event: 2.982 GC heap after
{Heap after GC invocations=17 (full 0):
 garbage-first heap   total 202752K, used 75081K [0x0000000700c00000, 0x0000000800000000)
  region size 2048K, 2 young (4096K), 2 survivors (4096K)
 Metaspace       used 40660K, committed 41088K, reserved 1089536K
  class space    used 5114K, committed 5312K, reserved 1048576K
}
Event: 2.999 GC heap before
{Heap before GC invocations=17 (full 0):
 garbage-first heap   total 202752K, used 144713K [0x0000000700c00000, 0x0000000800000000)
  region size 2048K, 37 young (75776K), 2 survivors (4096K)
 Metaspace       used 40730K, committed 41088K, reserved 1089536K
  class space    used 5117K, committed 5312K, reserved 1048576K
}
Event: 3.002 GC heap after
{Heap after GC invocations=18 (full 0):
 garbage-first heap   total 202752K, used 77438K [0x0000000700c00000, 0x0000000800000000)
  region size 2048K, 4 young (8192K), 4 survivors (8192K)
 Metaspace       used 40730K, committed 41088K, reserved 1089536K
  class space    used 5117K, committed 5312K, reserved 1048576K
}
Event: 3.014 GC heap before
{Heap before GC invocations=18 (full 0):
 garbage-first heap   total 202752K, used 147070K [0x0000000700c00000, 0x0000000800000000)
  region size 2048K, 39 young (79872K), 4 survivors (8192K)
 Metaspace       used 41068K, committed 41472K, reserved 1089536K
  class space    used 5117K, committed 5312K, reserved 1048576K
}
Event: 3.020 GC heap after
{Heap after GC invocations=19 (full 0):
 garbage-first heap   total 432128K, used 80559K [0x0000000700c00000, 0x0000000800000000)
  region size 2048K, 4 young (8192K), 4 survivors (8192K)
 Metaspace       used 41068K, committed 41472K, reserved 1089536K
  class space    used 5117K, committed 5312K, reserved 1048576K
}
Event: 3.077 GC heap before
{Heap before GC invocations=19 (full 0):
 garbage-first heap   total 432128K, used 275119K [0x0000000700c00000, 0x0000000800000000)
  region size 2048K, 100 young (204800K), 4 survivors (8192K)
 Metaspace       used 41301K, committed 41728K, reserved 1089536K
  class space    used 5148K, committed 5312K, reserved 1048576K
}
Event: 3.090 GC heap after
{Heap after GC invocations=20 (full 0):
 garbage-first heap   total 432128K, used 87746K [0x0000000700c00000, 0x0000000800000000)
  region size 2048K, 7 young (14336K), 7 survivors (14336K)
 Metaspace       used 41301K, committed 41728K, reserved 1089536K
  class space    used 5148K, committed 5312K, reserved 1048576K
}
Event: 3.152 GC heap before
{Heap before GC invocations=20 (full 0):
 garbage-first heap   total 432128K, used 329410K [0x0000000700c00000, 0x0000000800000000)
  region size 2048K, 126 young (258048K), 7 survivors (14336K)
 Metaspace       used 41566K, committed 41984K, reserved 1089536K
  class space    used 5173K, committed 5376K, reserved 1048576K
}
Event: 3.162 GC heap after
{Heap after GC invocations=21 (full 0):
 garbage-first heap   total 432128K, used 98139K [0x0000000700c00000, 0x0000000800000000)
  region size 2048K, 12 young (24576K), 12 survivors (24576K)
 Metaspace       used 41566K, committed 41984K, reserved 1089536K
  class space    used 5173K, committed 5376K, reserved 1048576K
}
Event: 3.209 GC heap before
{Heap before GC invocations=21 (full 0):
 garbage-first heap   total 432128K, used 329563K [0x0000000700c00000, 0x0000000800000000)
  region size 2048K, 126 young (258048K), 12 survivors (24576K)
 Metaspace       used 41943K, committed 42304K, reserved 1089536K
  class space    used 5207K, committed 5376K, reserved 1048576K
}
Event: 3.221 GC heap after
{Heap after GC invocations=22 (full 0):
 garbage-first heap   total 432128K, used 107176K [0x0000000700c00000, 0x0000000800000000)
  region size 2048K, 10 young (20480K), 10 survivors (20480K)
 Metaspace       used 41943K, committed 42304K, reserved 1089536K
  class space    used 5207K, committed 5376K, reserved 1048576K
}
Event: 3.256 GC heap before
{Heap before GC invocations=22 (full 0):
 garbage-first heap   total 432128K, used 342696K [0x0000000700c00000, 0x0000000800000000)
  region size 2048K, 126 young (258048K), 10 survivors (20480K)
 Metaspace       used 42043K, committed 42432K, reserved 1089536K
  class space    used 5217K, committed 5376K, reserved 1048576K
}

