# JRE version: OpenJDK Runtime Environment Temurin-17.0.5+8 (17.0.5+8) (build 17.0.5+8)
# Java VM: OpenJDK 64-Bit Server VM Temurin-17.0.5+8 (17.0.5+8, mixed mode, emulated-client, tiered, compressed oops, compressed class ptrs, g1 gc, windows-amd64)
GC Precious Log:
 CPUs: 16 total, 16 available
 Memory: 16332M
 Large Page Support: Disabled
 NUMA Support: Disabled
 Compressed Oops: Enabled (Zero based)
 Heap Region Size: 2M
 Heap Min Capacity: 8M
 Heap Initial Capacity: 256M
 Heap Max Capacity: 4084M
 Pre-touch: Disabled
 Parallel Workers: 13
 Concurrent Workers: 3
 Concurrent Refinement Workers: 13
 Periodic GC: Disabled
Heap:
 garbage-first heap   total 571392K, used 147456K [0x0000000700c00000, 0x0000000800000000)
  region size 2048K, 18 young (36864K), 18 survivors (36864K)
 Metaspace       used 49437K, committed 49856K, reserved 1097728K
  class space    used 6207K, committed 6400K, reserved 1048576K
GC Heap History (20 events):
Event: 2.171 GC heap after
{Heap after GC invocations=10 (full 0):
 garbage-first heap   total 129024K, used 39595K [0x0000000700c00000, 0x0000000800000000)
  region size 2048K, 6 young (12288K), 6 survivors (12288K)
 Metaspace       used 37501K, committed 37824K, reserved 1089536K
  class space    used 4735K, committed 4864K, reserved 1048576K
}
Event: 2.175 GC heap before
{Heap before GC invocations=10 (full 0):
 garbage-first heap   total 129024K, used 41643K [0x0000000700c00000, 0x0000000800000000)
  region size 2048K, 7 young (14336K), 6 survivors (12288K)
 Metaspace       used 37515K, committed 37824K, reserved 1089536K
  class space    used 4738K, committed 4864K, reserved 1048576K
}
Event: 2.179 GC heap after
{Heap after GC invocations=11 (full 0):
 garbage-first heap   total 129024K, used 42281K [0x0000000700c00000, 0x0000000800000000)
  region size 2048K, 1 young (2048K), 1 survivors (2048K)
 Metaspace       used 37515K, committed 37824K, reserved 1089536K
  class space    used 4738K, committed 4864K, reserved 1048576K
}
Event: 2.270 GC heap before
{Heap before GC invocations=11 (full 0):
 garbage-first heap   total 129024K, used 85289K [0x0000000700c00000, 0x0000000800000000)
  region size 2048K, 23 young (47104K), 1 survivors (2048K)
 Metaspace       used 38458K, committed 38784K, reserved 1089536K
  class space    used 4838K, committed 4992K, reserved 1048576K
}
Event: 2.274 GC heap after
{Heap after GC invocations=12 (full 0):
 garbage-first heap   total 282624K, used 49452K [0x0000000700c00000, 0x0000000800000000)
  region size 2048K, 3 young (6144K), 3 survivors (6144K)
 Metaspace       used 38458K, committed 38784K, reserved 1089536K
  class space    used 4838K, committed 4992K, reserved 1048576K
}
Event: 2.421 GC heap before
{Heap before GC invocations=12 (full 0):
 garbage-first heap   total 282624K, used 194860K [0x0000000700c00000, 0x0000000800000000)
  region size 2048K, 75 young (153600K), 3 survivors (6144K)
 Metaspace       used 40127K, committed 40448K, reserved 1089536K
  class space    used 5036K, committed 5184K, reserved 1048576K
}
Event: 2.437 GC heap after
{Heap after GC invocations=13 (full 0):
 garbage-first heap   total 282624K, used 70221K [0x0000000700c00000, 0x0000000800000000)
  region size 2048K, 10 young (20480K), 10 survivors (20480K)
 Metaspace       used 40127K, committed 40448K, reserved 1089536K
  class space    used 5036K, committed 5184K, reserved 1048576K
}
Event: 2.460 GC heap before
{Heap before GC invocations=13 (full 0):
 garbage-first heap   total 282624K, used 180813K [0x0000000700c00000, 0x0000000800000000)
  region size 2048K, 65 young (133120K), 10 survivors (20480K)
 Metaspace       used 40153K, committed 40448K, reserved 1089536K
  class space    used 5039K, committed 5184K, reserved 1048576K
}
Event: 2.467 GC heap after
{Heap after GC invocations=14 (full 0):
 garbage-first heap   total 282624K, used 76931K [0x0000000700c00000, 0x0000000800000000)
  region size 2048K, 4 young (8192K), 4 survivors (8192K)
 Metaspace       used 40153K, committed 40448K, reserved 1089536K
  class space    used 5039K, committed 5184K, reserved 1048576K
}
Event: 2.488 GC heap before
{Heap before GC invocations=14 (full 0):
 garbage-first heap   total 282624K, used 191619K [0x0000000700c00000, 0x0000000800000000)
  region size 2048K, 61 young (124928K), 4 survivors (8192K)
 Metaspace       used 40175K, committed 40512K, reserved 1089536K
  class space    used 5043K, committed 5184K, reserved 1048576K
}
Event: 2.492 GC heap after
{Heap after GC invocations=15 (full 0):
 garbage-first heap   total 282624K, used 80508K [0x0000000700c00000, 0x0000000800000000)
  region size 2048K, 5 young (10240K), 5 survivors (10240K)
 Metaspace       used 40175K, committed 40512K, reserved 1089536K
  class space    used 5043K, committed 5184K, reserved 1048576K
}
Event: 2.513 GC heap before
{Heap before GC invocations=15 (full 0):
 garbage-first heap   total 282624K, used 201340K [0x0000000700c00000, 0x0000000800000000)
  region size 2048K, 65 young (133120K), 5 survivors (10240K)
 Metaspace       used 40311K, committed 40640K, reserved 1089536K
  class space    used 5070K, committed 5248K, reserved 1048576K
}
Event: 2.519 GC heap after
{Heap after GC invocations=16 (full 0):
 garbage-first heap   total 571392K, used 85032K [0x0000000700c00000, 0x0000000800000000)
  region size 2048K, 8 young (16384K), 8 survivors (16384K)
 Metaspace       used 40311K, committed 40640K, reserved 1089536K
  class space    used 5070K, committed 5248K, reserved 1048576K
}
Event: 2.583 GC heap before
{Heap before GC invocations=16 (full 0):
 garbage-first heap   total 571392K, used 408616K [0x0000000700c00000, 0x0000000800000000)
  region size 2048K, 167 young (342016K), 8 survivors (16384K)
 Metaspace       used 40711K, committed 41024K, reserved 1089536K
  class space    used 5089K, committed 5248K, reserved 1048576K
}
Event: 2.593 GC heap after
{Heap after GC invocations=17 (full 0):
 garbage-first heap   total 571392K, used 98887K [0x0000000700c00000, 0x0000000800000000)
  region size 2048K, 14 young (28672K), 14 survivors (28672K)
 Metaspace       used 40711K, committed 41024K, reserved 1089536K
  class space    used 5089K, committed 5248K, reserved 1048576K
}
Event: 2.631 GC heap before
{Heap before GC invocations=17 (full 0):
 garbage-first heap   total 571392K, used 410183K [0x0000000700c00000, 0x0000000800000000)
  region size 2048K, 167 young (342016K), 14 survivors (28672K)
 Metaspace       used 40730K, committed 41088K, reserved 1089536K
  class space    used 5092K, committed 5248K, reserved 1048576K
}
Event: 2.646 GC heap after
{Heap after GC invocations=18 (full 0):
 garbage-first heap   total 571392K, used 112147K [0x0000000700c00000, 0x0000000800000000)
  region size 2048K, 17 young (34816K), 17 survivors (34816K)
 Metaspace       used 40730K, committed 41088K, reserved 1089536K
  class space    used 5092K, committed 5248K, reserved 1048576K
}
Event: 2.681 GC heap before
{Heap before GC invocations=18 (full 0):
 garbage-first heap   total 571392K, used 417299K [0x0000000700c00000, 0x0000000800000000)
  region size 2048K, 167 young (342016K), 17 survivors (34816K)
 Metaspace       used 40998K, committed 41280K, reserved 1089536K
  class space    used 5120K, committed 5248K, reserved 1048576K
}
Event: 2.696 GC heap after
{Heap after GC invocations=19 (full 0):
 garbage-first heap   total 571392K, used 130399K [0x0000000700c00000, 0x0000000800000000)
  region size 2048K, 16 young (32768K), 16 survivors (32768K)
 Metaspace       used 40998K, committed 41280K, reserved 1089536K
  class space    used 5120K, committed 5248K, reserved 1048576K
}
Event: 2.862 GC heap before
{Heap before GC invocations=19 (full 0):
 garbage-first heap   total 571392K, used 437599K [0x0000000700c00000, 0x0000000800000000)
  region size 2048K, 167 young (342016K), 16 survivors (32768K)
 Metaspace       used 49437K, committed 49856K, reserved 1097728K
  class space    used 6207K, committed 6400K, reserved 1048576K
}

