# JRE version: OpenJDK Runtime Environment Temurin-17.0.5+8 (17.0.5+8) (build 17.0.5+8)
# Java VM: OpenJDK 64-Bit Server VM Temurin-17.0.5+8 (17.0.5+8, mixed mode, emulated-client, tiered, compressed oops, compressed class ptrs, g1 gc, windows-amd64)
GC Precious Log:
 CPUs: 16 total, 16 available
 Memory: 16332M
 Large Page Support: Disabled
 NUMA Support: Disabled
 Compressed Oops: Enabled (Zero based)
 Heap Region Size: 2M
 Heap Min Capacity: 8M
 Heap Initial Capacity: 256M
 Heap Max Capacity: 4084M
 Pre-touch: Disabled
 Parallel Workers: 13
 Concurrent Workers: 3
 Concurrent Refinement Workers: 13
 Periodic GC: Disabled
Heap:
 garbage-first heap   total 669696K, used 162670K [0x0000000700c00000, 0x0000000800000000)
  region size 2048K, 23 young (47104K), 23 survivors (47104K)
 Metaspace       used 54515K, committed 54912K, reserved 1097728K
  class space    used 6874K, committed 7040K, reserved 1048576K
GC Heap History (20 events):
Event: 2.139 GC heap after
{Heap after GC invocations=12 (full 0):
 garbage-first heap   total 129024K, used 42766K [0x0000000700c00000, 0x0000000800000000)
  region size 2048K, 1 young (2048K), 1 survivors (2048K)
 Metaspace       used 37620K, committed 37888K, reserved 1089536K
  class space    used 4751K, committed 4864K, reserved 1048576K
}
Event: 2.247 GC heap before
{Heap before GC invocations=12 (full 0):
 garbage-first heap   total 129024K, used 87822K [0x0000000700c00000, 0x0000000800000000)
  region size 2048K, 24 young (49152K), 1 survivors (2048K)
 Metaspace       used 38631K, committed 39040K, reserved 1089536K
  class space    used 4872K, committed 5056K, reserved 1048576K
}
Event: 2.251 GC heap after
{Heap after GC invocations=13 (full 0):
 garbage-first heap   total 129024K, used 50015K [0x0000000700c00000, 0x0000000800000000)
  region size 2048K, 3 young (6144K), 3 survivors (6144K)
 Metaspace       used 38631K, committed 39040K, reserved 1089536K
  class space    used 4872K, committed 5056K, reserved 1048576K
}
Event: 2.363 GC heap before
{Heap before GC invocations=13 (full 0):
 garbage-first heap   total 129024K, used 88927K [0x0000000700c00000, 0x0000000800000000)
  region size 2048K, 23 young (47104K), 3 survivors (6144K)
 Metaspace       used 40063K, committed 40384K, reserved 1089536K
  class space    used 5037K, committed 5184K, reserved 1048576K
}
Event: 2.368 GC heap after
{Heap after GC invocations=14 (full 0):
 garbage-first heap   total 278528K, used 63101K [0x0000000700c00000, 0x0000000800000000)
  region size 2048K, 3 young (6144K), 3 survivors (6144K)
 Metaspace       used 40063K, committed 40384K, reserved 1089536K
  class space    used 5037K, committed 5184K, reserved 1048576K
}
Event: 2.421 GC heap before
{Heap before GC invocations=14 (full 0):
 garbage-first heap   total 278528K, used 190077K [0x0000000700c00000, 0x0000000800000000)
  region size 2048K, 66 young (135168K), 3 survivors (6144K)
 Metaspace       used 41094K, committed 41536K, reserved 1089536K
  class space    used 5123K, committed 5312K, reserved 1048576K
}
Event: 2.435 GC heap after
{Heap after GC invocations=15 (full 0):
 garbage-first heap   total 278528K, used 72515K [0x0000000700c00000, 0x0000000800000000)
  region size 2048K, 8 young (16384K), 8 survivors (16384K)
 Metaspace       used 41094K, committed 41536K, reserved 1089536K
  class space    used 5123K, committed 5312K, reserved 1048576K
}
Event: 2.461 GC heap before
{Heap before GC invocations=15 (full 0):
 garbage-first heap   total 278528K, used 195395K [0x0000000700c00000, 0x0000000800000000)
  region size 2048K, 69 young (141312K), 8 survivors (16384K)
 Metaspace       used 41142K, committed 41536K, reserved 1089536K
  class space    used 5125K, committed 5312K, reserved 1048576K
}
Event: 2.476 GC heap after
{Heap after GC invocations=16 (full 0):
 garbage-first heap   total 278528K, used 78694K [0x0000000700c00000, 0x0000000800000000)
  region size 2048K, 3 young (6144K), 3 survivors (6144K)
 Metaspace       used 41142K, committed 41536K, reserved 1089536K
  class space    used 5125K, committed 5312K, reserved 1048576K
}
Event: 2.500 GC heap before
{Heap before GC invocations=16 (full 0):
 garbage-first heap   total 278528K, used 201574K [0x0000000700c00000, 0x0000000800000000)
  region size 2048K, 64 young (131072K), 3 survivors (6144K)
 Metaspace       used 41166K, committed 41536K, reserved 1089536K
  class space    used 5136K, committed 5312K, reserved 1048576K
}
Event: 2.504 GC heap after
{Heap after GC invocations=17 (full 0):
 garbage-first heap   total 278528K, used 83247K [0x0000000700c00000, 0x0000000800000000)
  region size 2048K, 6 young (12288K), 6 survivors (12288K)
 Metaspace       used 41166K, committed 41536K, reserved 1089536K
  class space    used 5136K, committed 5312K, reserved 1048576K
}
Event: 2.528 GC heap before
{Heap before GC invocations=17 (full 0):
 garbage-first heap   total 278528K, used 208175K [0x0000000700c00000, 0x0000000800000000)
  region size 2048K, 68 young (139264K), 6 survivors (12288K)
 Metaspace       used 41723K, committed 42112K, reserved 1089536K
  class space    used 5194K, committed 5376K, reserved 1048576K
}
Event: 2.536 GC heap after
{Heap after GC invocations=18 (full 0):
 garbage-first heap   total 669696K, used 88333K [0x0000000700c00000, 0x0000000800000000)
  region size 2048K, 6 young (12288K), 6 survivors (12288K)
 Metaspace       used 41723K, committed 42112K, reserved 1089536K
  class space    used 5194K, committed 5376K, reserved 1048576K
}
Event: 2.598 GC heap before
{Heap before GC invocations=18 (full 0):
 garbage-first heap   total 669696K, used 426253K [0x0000000700c00000, 0x0000000800000000)
  region size 2048K, 172 young (352256K), 6 survivors (12288K)
 Metaspace       used 41767K, committed 42112K, reserved 1089536K
  class space    used 5202K, committed 5376K, reserved 1048576K
}
Event: 2.609 GC heap after
{Heap after GC invocations=19 (full 0):
 garbage-first heap   total 669696K, used 102125K [0x0000000700c00000, 0x0000000800000000)
  region size 2048K, 12 young (24576K), 12 survivors (24576K)
 Metaspace       used 41767K, committed 42112K, reserved 1089536K
  class space    used 5202K, committed 5376K, reserved 1048576K
}
Event: 2.661 GC heap before
{Heap before GC invocations=19 (full 0):
 garbage-first heap   total 669696K, used 476909K [0x0000000700c00000, 0x0000000800000000)
  region size 2048K, 196 young (401408K), 12 survivors (24576K)
 Metaspace       used 41943K, committed 42304K, reserved 1089536K
  class space    used 5220K, committed 5376K, reserved 1048576K
}
Event: 2.675 GC heap after
{Heap after GC invocations=20 (full 0):
 garbage-first heap   total 669696K, used 116763K [0x0000000700c00000, 0x0000000800000000)
  region size 2048K, 20 young (40960K), 20 survivors (40960K)
 Metaspace       used 41943K, committed 42304K, reserved 1089536K
  class space    used 5220K, committed 5376K, reserved 1048576K
}
Event: 2.772 GC heap before
{Heap before GC invocations=20 (full 0):
 garbage-first heap   total 669696K, used 475163K [0x0000000700c00000, 0x0000000800000000)
  region size 2048K, 196 young (401408K), 20 survivors (40960K)
 Metaspace       used 44559K, committed 44992K, reserved 1089536K
  class space    used 5560K, committed 5760K, reserved 1048576K
}
Event: 2.790 GC heap after
{Heap after GC invocations=21 (full 0):
 garbage-first heap   total 669696K, used 142608K [0x0000000700c00000, 0x0000000800000000)
  region size 2048K, 21 young (43008K), 21 survivors (43008K)
 Metaspace       used 44559K, committed 44992K, reserved 1089536K
  class space    used 5560K, committed 5760K, reserved 1048576K
}
Event: 3.064 GC heap before
{Heap before GC invocations=21 (full 0):
 garbage-first heap   total 669696K, used 498960K [0x0000000700c00000, 0x0000000800000000)
  region size 2048K, 196 young (401408K), 21 survivors (43008K)
 Metaspace       used 54515K, committed 54912K, reserved 1097728K
  class space    used 6874K, committed 7040K, reserved 1048576K
}

