# JRE version: OpenJDK Runtime Environment Temurin-17.0.5+8 (17.0.5+8) (build 17.0.5+8)
# Java VM: OpenJDK 64-Bit Server VM Temurin-17.0.5+8 (17.0.5+8, mixed mode, emulated-client, tiered, compressed oops, compressed class ptrs, g1 gc, windows-amd64)
GC Precious Log:
 CPUs: 16 total, 16 available
 Memory: 16332M
 Large Page Support: Disabled
 NUMA Support: Disabled
 Compressed Oops: Enabled (Zero based)
 Heap Region Size: 2M
 Heap Min Capacity: 8M
 Heap Initial Capacity: 256M
 Heap Max Capacity: 4084M
 Pre-touch: Disabled
 Parallel Workers: 13
 Concurrent Workers: 3
 Concurrent Refinement Workers: 13
 Periodic GC: Disabled
Heap:
 garbage-first heap   total 532480K, used 142694K [0x0000000700c00000, 0x0000000800000000)
  region size 2048K, 17 young (34816K), 17 survivors (34816K)
 Metaspace       used 45559K, committed 45888K, reserved 1089536K
  class space    used 5689K, committed 5824K, reserved 1048576K
GC Heap History (20 events):
Event: 2.460 GC heap after
{Heap after GC invocations=11 (full 0):
 garbage-first heap   total 120832K, used 39120K [0x0000000700c00000, 0x0000000800000000)
  region size 2048K, 6 young (12288K), 6 survivors (12288K)
 Metaspace       used 37502K, committed 37824K, reserved 1089536K
  class space    used 4736K, committed 4864K, reserved 1048576K
}
Event: 2.464 GC heap before
{Heap before GC invocations=11 (full 0):
 garbage-first heap   total 120832K, used 41168K [0x0000000700c00000, 0x0000000800000000)
  region size 2048K, 7 young (14336K), 6 survivors (12288K)
 Metaspace       used 37523K, committed 37824K, reserved 1089536K
  class space    used 4742K, committed 4864K, reserved 1048576K
}
Event: 2.468 GC heap after
{Heap after GC invocations=12 (full 0):
 garbage-first heap   total 120832K, used 42220K [0x0000000700c00000, 0x0000000800000000)
  region size 2048K, 1 young (2048K), 1 survivors (2048K)
 Metaspace       used 37523K, committed 37824K, reserved 1089536K
  class space    used 4742K, committed 4864K, reserved 1048576K
}
Event: 2.524 GC heap before
{Heap before GC invocations=12 (full 0):
 garbage-first heap   total 120832K, used 81132K [0x0000000700c00000, 0x0000000800000000)
  region size 2048K, 21 young (43008K), 1 survivors (2048K)
 Metaspace       used 37953K, committed 38336K, reserved 1089536K
  class space    used 4781K, committed 4928K, reserved 1048576K
}
Event: 2.528 GC heap after
{Heap after GC invocations=13 (full 0):
 garbage-first heap   total 266240K, used 49451K [0x0000000700c00000, 0x0000000800000000)
  region size 2048K, 3 young (6144K), 3 survivors (6144K)
 Metaspace       used 37953K, committed 38336K, reserved 1089536K
  class space    used 4781K, committed 4928K, reserved 1048576K
}
Event: 2.816 GC heap before
{Heap before GC invocations=13 (full 0):
 garbage-first heap   total 266240K, used 180523K [0x0000000700c00000, 0x0000000800000000)
  region size 2048K, 68 young (139264K), 3 survivors (6144K)
 Metaspace       used 42587K, committed 43008K, reserved 1089536K
  class space    used 5321K, committed 5568K, reserved 1048576K
}
Event: 2.837 GC heap after
{Heap after GC invocations=14 (full 0):
 garbage-first heap   total 266240K, used 70779K [0x0000000700c00000, 0x0000000800000000)
  region size 2048K, 9 young (18432K), 9 survivors (18432K)
 Metaspace       used 42587K, committed 43008K, reserved 1089536K
  class space    used 5321K, committed 5568K, reserved 1048576K
}
Event: 2.864 GC heap before
{Heap before GC invocations=14 (full 0):
 garbage-first heap   total 266240K, used 162939K [0x0000000700c00000, 0x0000000800000000)
  region size 2048K, 55 young (112640K), 9 survivors (18432K)
 Metaspace       used 42658K, committed 43072K, reserved 1089536K
  class space    used 5324K, committed 5568K, reserved 1048576K
}
Event: 2.871 GC heap after
{Heap after GC invocations=15 (full 0):
 garbage-first heap   total 266240K, used 76165K [0x0000000700c00000, 0x0000000800000000)
  region size 2048K, 3 young (6144K), 3 survivors (6144K)
 Metaspace       used 42658K, committed 43072K, reserved 1089536K
  class space    used 5324K, committed 5568K, reserved 1048576K
}
Event: 2.897 GC heap before
{Heap before GC invocations=15 (full 0):
 garbage-first heap   total 266240K, used 176517K [0x0000000700c00000, 0x0000000800000000)
  region size 2048K, 53 young (108544K), 3 survivors (6144K)
 Metaspace       used 42744K, committed 43200K, reserved 1089536K
  class space    used 5329K, committed 5568K, reserved 1048576K
}
Event: 2.902 GC heap after
{Heap after GC invocations=16 (full 0):
 garbage-first heap   total 266240K, used 80231K [0x0000000700c00000, 0x0000000800000000)
  region size 2048K, 5 young (10240K), 5 survivors (10240K)
 Metaspace       used 42744K, committed 43200K, reserved 1089536K
  class space    used 5329K, committed 5568K, reserved 1048576K
}
Event: 2.931 GC heap before
{Heap before GC invocations=16 (full 0):
 garbage-first heap   total 266240K, used 190823K [0x0000000700c00000, 0x0000000800000000)
  region size 2048K, 60 young (122880K), 5 survivors (10240K)
 Metaspace       used 42938K, committed 43392K, reserved 1089536K
  class space    used 5353K, committed 5568K, reserved 1048576K
}
Event: 2.937 GC heap after
{Heap after GC invocations=17 (full 0):
 garbage-first heap   total 532480K, used 84551K [0x0000000700c00000, 0x0000000800000000)
  region size 2048K, 7 young (14336K), 7 survivors (14336K)
 Metaspace       used 42938K, committed 43392K, reserved 1089536K
  class space    used 5353K, committed 5568K, reserved 1048576K
}
Event: 3.008 GC heap before
{Heap before GC invocations=17 (full 0):
 garbage-first heap   total 532480K, used 387655K [0x0000000700c00000, 0x0000000800000000)
  region size 2048K, 156 young (319488K), 7 survivors (14336K)
 Metaspace       used 43451K, committed 43840K, reserved 1089536K
  class space    used 5406K, committed 5568K, reserved 1048576K
}
Event: 3.018 GC heap after
{Heap after GC invocations=18 (full 0):
 garbage-first heap   total 532480K, used 96064K [0x0000000700c00000, 0x0000000800000000)
  region size 2048K, 12 young (24576K), 12 survivors (24576K)
 Metaspace       used 43451K, committed 43840K, reserved 1089536K
  class space    used 5406K, committed 5568K, reserved 1048576K
}
Event: 3.060 GC heap before
{Heap before GC invocations=18 (full 0):
 garbage-first heap   total 532480K, used 388928K [0x0000000700c00000, 0x0000000800000000)
  region size 2048K, 156 young (319488K), 12 survivors (24576K)
 Metaspace       used 43526K, committed 43904K, reserved 1089536K
  class space    used 5418K, committed 5632K, reserved 1048576K
}
Event: 3.074 GC heap after
{Heap after GC invocations=19 (full 0):
 garbage-first heap   total 532480K, used 109067K [0x0000000700c00000, 0x0000000800000000)
  region size 2048K, 17 young (34816K), 17 survivors (34816K)
 Metaspace       used 43526K, committed 43904K, reserved 1089536K
  class space    used 5418K, committed 5632K, reserved 1048576K
}
Event: 3.113 GC heap before
{Heap before GC invocations=19 (full 0):
 garbage-first heap   total 532480K, used 391691K [0x0000000700c00000, 0x0000000800000000)
  region size 2048K, 156 young (319488K), 17 survivors (34816K)
 Metaspace       used 43652K, committed 44032K, reserved 1089536K
  class space    used 5435K, committed 5632K, reserved 1048576K
}
Event: 3.130 GC heap after
{Heap after GC invocations=20 (full 0):
 garbage-first heap   total 532480K, used 121190K [0x0000000700c00000, 0x0000000800000000)
  region size 2048K, 13 young (26624K), 13 survivors (26624K)
 Metaspace       used 43652K, committed 44032K, reserved 1089536K
  class space    used 5435K, committed 5632K, reserved 1048576K
}
Event: 3.214 GC heap before
{Heap before GC invocations=20 (full 0):
 garbage-first heap   total 532480K, used 412006K [0x0000000700c00000, 0x0000000800000000)
  region size 2048K, 156 young (319488K), 13 survivors (26624K)
 Metaspace       used 45559K, committed 45888K, reserved 1089536K
  class space    used 5689K, committed 5824K, reserved 1048576K
}

