# JRE version: OpenJDK Runtime Environment Temurin-17.0.5+8 (17.0.5+8) (build 17.0.5+8)
# Java VM: OpenJDK 64-Bit Server VM Temurin-17.0.5+8 (17.0.5+8, mixed mode, emulated-client, tiered, compressed oops, compressed class ptrs, g1 gc, windows-amd64)
GC Precious Log:
 CPUs: 16 total, 16 available
 Memory: 16332M
 Large Page Support: Disabled
 NUMA Support: Disabled
 Compressed Oops: Enabled (Zero based)
 Heap Region Size: 2M
 Heap Min Capacity: 8M
 Heap Initial Capacity: 256M
 Heap Max Capacity: 4084M
 Pre-touch: Disabled
 Parallel Workers: 13
 Concurrent Workers: 3
 Concurrent Refinement Workers: 13
 Periodic GC: Disabled
Heap:
 garbage-first heap   total 434176K, used 116647K [0x0000000700c00000, 0x0000000800000000)
  region size 2048K, 10 young (20480K), 10 survivors (20480K)
 Metaspace       used 41187K, committed 41600K, reserved 1089536K
  class space    used 5135K, committed 5312K, reserved 1048576K
GC Heap History (20 events):
Event: 2.252 GC heap after
{Heap after GC invocations=11 (full 0):
 garbage-first heap   total 118784K, used 39964K [0x0000000700c00000, 0x0000000800000000)
  region size 2048K, 6 young (12288K), 6 survivors (12288K)
 Metaspace       used 37345K, committed 37632K, reserved 1081344K
  class space    used 4735K, committed 4864K, reserved 1048576K
}
Event: 2.310 GC heap before
{Heap before GC invocations=11 (full 0):
 garbage-first heap   total 118784K, used 76828K [0x0000000700c00000, 0x0000000800000000)
  region size 2048K, 25 young (51200K), 6 survivors (12288K)
 Metaspace       used 37975K, committed 38336K, reserved 1089536K
  class space    used 4785K, committed 4928K, reserved 1048576K
}
Event: 2.315 GC heap after
{Heap after GC invocations=12 (full 0):
 garbage-first heap   total 118784K, used 49038K [0x0000000700c00000, 0x0000000800000000)
  region size 2048K, 4 young (8192K), 4 survivors (8192K)
 Metaspace       used 37975K, committed 38336K, reserved 1089536K
  class space    used 4785K, committed 4928K, reserved 1048576K
}
Event: 2.440 GC heap before
{Heap before GC invocations=12 (full 0):
 garbage-first heap   total 118784K, used 81806K [0x0000000700c00000, 0x0000000800000000)
  region size 2048K, 21 young (43008K), 4 survivors (8192K)
 Metaspace       used 39104K, committed 39488K, reserved 1089536K
  class space    used 4935K, committed 5120K, reserved 1048576K
}
Event: 2.444 GC heap after
{Heap after GC invocations=13 (full 0):
 garbage-first heap   total 186368K, used 55277K [0x0000000700c00000, 0x0000000800000000)
  region size 2048K, 3 young (6144K), 3 survivors (6144K)
 Metaspace       used 39104K, committed 39488K, reserved 1089536K
  class space    used 4935K, committed 5120K, reserved 1048576K
}
Event: 2.498 GC heap before
{Heap before GC invocations=13 (full 0):
 garbage-first heap   total 186368K, used 129005K [0x0000000700c00000, 0x0000000800000000)
  region size 2048K, 40 young (81920K), 3 survivors (6144K)
 Metaspace       used 39659K, committed 40000K, reserved 1089536K
  class space    used 5004K, committed 5184K, reserved 1048576K
}
Event: 2.510 GC heap after
{Heap after GC invocations=14 (full 0):
 garbage-first heap   total 186368K, used 69600K [0x0000000700c00000, 0x0000000800000000)
  region size 2048K, 5 young (10240K), 5 survivors (10240K)
 Metaspace       used 39659K, committed 40000K, reserved 1089536K
  class space    used 5004K, committed 5184K, reserved 1048576K
}
Event: 2.523 GC heap before
{Heap before GC invocations=14 (full 0):
 garbage-first heap   total 186368K, used 133088K [0x0000000700c00000, 0x0000000800000000)
  region size 2048K, 37 young (75776K), 5 survivors (10240K)
 Metaspace       used 39678K, committed 40064K, reserved 1089536K
  class space    used 5009K, committed 5184K, reserved 1048576K
}
Event: 2.529 GC heap after
{Heap after GC invocations=15 (full 0):
 garbage-first heap   total 186368K, used 73621K [0x0000000700c00000, 0x0000000800000000)
  region size 2048K, 2 young (4096K), 2 survivors (4096K)
 Metaspace       used 39678K, committed 40064K, reserved 1089536K
  class space    used 5009K, committed 5184K, reserved 1048576K
}
Event: 2.542 GC heap before
{Heap before GC invocations=15 (full 0):
 garbage-first heap   total 186368K, used 137109K [0x0000000700c00000, 0x0000000800000000)
  region size 2048K, 34 young (69632K), 2 survivors (4096K)
 Metaspace       used 39747K, committed 40128K, reserved 1089536K
  class space    used 5013K, committed 5184K, reserved 1048576K
}
Event: 2.545 GC heap after
{Heap after GC invocations=16 (full 0):
 garbage-first heap   total 186368K, used 75752K [0x0000000700c00000, 0x0000000800000000)
  region size 2048K, 3 young (6144K), 3 survivors (6144K)
 Metaspace       used 39747K, committed 40128K, reserved 1089536K
  class space    used 5013K, committed 5184K, reserved 1048576K
}
Event: 2.558 GC heap before
{Heap before GC invocations=16 (full 0):
 garbage-first heap   total 186368K, used 139240K [0x0000000700c00000, 0x0000000800000000)
  region size 2048K, 36 young (73728K), 3 survivors (6144K)
 Metaspace       used 39760K, committed 40128K, reserved 1089536K
  class space    used 5022K, committed 5184K, reserved 1048576K
}
Event: 2.563 GC heap after
{Heap after GC invocations=17 (full 0):
 garbage-first heap   total 434176K, used 79230K [0x0000000700c00000, 0x0000000800000000)
  region size 2048K, 4 young (8192K), 4 survivors (8192K)
 Metaspace       used 39760K, committed 40128K, reserved 1089536K
  class space    used 5022K, committed 5184K, reserved 1048576K
}
Event: 2.624 GC heap before
{Heap before GC invocations=17 (full 0):
 garbage-first heap   total 434176K, used 296318K [0x0000000700c00000, 0x0000000800000000)
  region size 2048K, 111 young (227328K), 4 survivors (8192K)
 Metaspace       used 40211K, committed 40576K, reserved 1089536K
  class space    used 5058K, committed 5248K, reserved 1048576K
}
Event: 2.631 GC heap after
{Heap after GC invocations=18 (full 0):
 garbage-first heap   total 434176K, used 86563K [0x0000000700c00000, 0x0000000800000000)
  region size 2048K, 7 young (14336K), 7 survivors (14336K)
 Metaspace       used 40211K, committed 40576K, reserved 1089536K
  class space    used 5058K, committed 5248K, reserved 1048576K
}
Event: 2.664 GC heap before
{Heap before GC invocations=18 (full 0):
 garbage-first heap   total 434176K, used 330275K [0x0000000700c00000, 0x0000000800000000)
  region size 2048K, 127 young (260096K), 7 survivors (14336K)
 Metaspace       used 40432K, committed 40768K, reserved 1089536K
  class space    used 5081K, committed 5248K, reserved 1048576K
}
Event: 2.674 GC heap after
{Heap after GC invocations=19 (full 0):
 garbage-first heap   total 434176K, used 97060K [0x0000000700c00000, 0x0000000800000000)
  region size 2048K, 12 young (24576K), 12 survivors (24576K)
 Metaspace       used 40432K, committed 40768K, reserved 1089536K
  class space    used 5081K, committed 5248K, reserved 1048576K
}
Event: 2.717 GC heap before
{Heap before GC invocations=19 (full 0):
 garbage-first heap   total 434176K, used 330532K [0x0000000700c00000, 0x0000000800000000)
  region size 2048K, 127 young (260096K), 12 survivors (24576K)
 Metaspace       used 40764K, committed 41088K, reserved 1089536K
  class space    used 5087K, committed 5248K, reserved 1048576K
}
Event: 2.729 GC heap after
{Heap after GC invocations=20 (full 0):
 garbage-first heap   total 434176K, used 106855K [0x0000000700c00000, 0x0000000800000000)
  region size 2048K, 11 young (22528K), 11 survivors (22528K)
 Metaspace       used 40764K, committed 41088K, reserved 1089536K
  class space    used 5087K, committed 5248K, reserved 1048576K
}
Event: 2.763 GC heap before
{Heap before GC invocations=20 (full 0):
 garbage-first heap   total 434176K, used 342375K [0x0000000700c00000, 0x0000000800000000)
  region size 2048K, 127 young (260096K), 11 survivors (22528K)
 Metaspace       used 41187K, committed 41600K, reserved 1089536K
  class space    used 5135K, committed 5312K, reserved 1048576K
}

