# JRE version: OpenJDK Runtime Environment Temurin-17.0.5+8 (17.0.5+8) (build 17.0.5+8)
# Java VM: OpenJDK 64-Bit Server VM Temurin-17.0.5+8 (17.0.5+8, mixed mode, emulated-client, tiered, compressed oops, compressed class ptrs, g1 gc, windows-amd64)
GC Precious Log:
 CPUs: 16 total, 16 available
 Memory: 16332M
 Large Page Support: Disabled
 NUMA Support: Disabled
 Compressed Oops: Enabled (Zero based)
 Heap Region Size: 2M
 Heap Min Capacity: 8M
 Heap Initial Capacity: 256M
 Heap Max Capacity: 4084M
 Pre-touch: Disabled
 Parallel Workers: 13
 Concurrent Workers: 3
 Concurrent Refinement Workers: 13
 Periodic GC: Disabled
Heap:
 garbage-first heap   total 428032K, used 120094K [0x0000000700c00000, 0x0000000800000000)
  region size 2048K, 10 young (20480K), 10 survivors (20480K)
 Metaspace       used 40793K, committed 41152K, reserved 1089536K
  class space    used 5091K, committed 5248K, reserved 1048576K
GC Heap History (20 events):
Event: 2.404 GC heap after
{Heap after GC invocations=12 (full 0):
 garbage-first heap   total 137216K, used 42470K [0x0000000700c00000, 0x0000000800000000)
  region size 2048K, 6 young (12288K), 6 survivors (12288K)
 Metaspace       used 37694K, committed 37952K, reserved 1089536K
  class space    used 4754K, committed 4864K, reserved 1048576K
}
Event: 2.534 GC heap before
{Heap before GC invocations=12 (full 0):
 garbage-first heap   total 137216K, used 83430K [0x0000000700c00000, 0x0000000800000000)
  region size 2048K, 26 young (53248K), 6 survivors (12288K)
 Metaspace       used 39005K, committed 39424K, reserved 1089536K
  class space    used 4921K, committed 5120K, reserved 1048576K
}
Event: 2.539 GC heap after
{Heap after GC invocations=13 (full 0):
 garbage-first heap   total 137216K, used 51586K [0x0000000700c00000, 0x0000000800000000)
  region size 2048K, 4 young (8192K), 4 survivors (8192K)
 Metaspace       used 39005K, committed 39424K, reserved 1089536K
  class space    used 4921K, committed 5120K, reserved 1048576K
}
Event: 2.612 GC heap before
{Heap before GC invocations=13 (full 0):
 garbage-first heap   total 137216K, used 88450K [0x0000000700c00000, 0x0000000800000000)
  region size 2048K, 23 young (47104K), 4 survivors (8192K)
 Metaspace       used 39577K, committed 39936K, reserved 1089536K
  class space    used 5000K, committed 5184K, reserved 1048576K
}
Event: 2.627 GC heap after
{Heap after GC invocations=14 (full 0):
 garbage-first heap   total 204800K, used 66897K [0x0000000700c00000, 0x0000000800000000)
  region size 2048K, 3 young (6144K), 3 survivors (6144K)
 Metaspace       used 39577K, committed 39936K, reserved 1089536K
  class space    used 5000K, committed 5184K, reserved 1048576K
}
Event: 2.650 GC heap before
{Heap before GC invocations=14 (full 0):
 garbage-first heap   total 204800K, used 134481K [0x0000000700c00000, 0x0000000800000000)
  region size 2048K, 37 young (75776K), 3 survivors (6144K)
 Metaspace       used 39664K, committed 40000K, reserved 1089536K
  class space    used 5006K, committed 5184K, reserved 1048576K
}
Event: 2.654 GC heap after
{Heap after GC invocations=15 (full 0):
 garbage-first heap   total 204800K, used 72257K [0x0000000700c00000, 0x0000000800000000)
  region size 2048K, 2 young (4096K), 2 survivors (4096K)
 Metaspace       used 39664K, committed 40000K, reserved 1089536K
  class space    used 5006K, committed 5184K, reserved 1048576K
}
Event: 2.672 GC heap before
{Heap before GC invocations=15 (full 0):
 garbage-first heap   total 204800K, used 141889K [0x0000000700c00000, 0x0000000800000000)
  region size 2048K, 37 young (75776K), 2 survivors (4096K)
 Metaspace       used 39680K, committed 40064K, reserved 1089536K
  class space    used 5009K, committed 5184K, reserved 1048576K
}
Event: 2.675 GC heap after
{Heap after GC invocations=16 (full 0):
 garbage-first heap   total 204800K, used 74642K [0x0000000700c00000, 0x0000000800000000)
  region size 2048K, 3 young (6144K), 3 survivors (6144K)
 Metaspace       used 39680K, committed 40064K, reserved 1089536K
  class space    used 5009K, committed 5184K, reserved 1048576K
}
Event: 2.705 GC heap before
{Heap before GC invocations=16 (full 0):
 garbage-first heap   total 204800K, used 148370K [0x0000000700c00000, 0x0000000800000000)
  region size 2048K, 40 young (81920K), 3 survivors (6144K)
 Metaspace       used 39756K, committed 40128K, reserved 1089536K
  class space    used 5013K, committed 5184K, reserved 1048576K
}
Event: 2.709 GC heap after
{Heap after GC invocations=17 (full 0):
 garbage-first heap   total 204800K, used 78248K [0x0000000700c00000, 0x0000000800000000)
  region size 2048K, 4 young (8192K), 4 survivors (8192K)
 Metaspace       used 39756K, committed 40128K, reserved 1089536K
  class space    used 5013K, committed 5184K, reserved 1048576K
}
Event: 2.725 GC heap before
{Heap before GC invocations=17 (full 0):
 garbage-first heap   total 204800K, used 149928K [0x0000000700c00000, 0x0000000800000000)
  region size 2048K, 40 young (81920K), 4 survivors (8192K)
 Metaspace       used 39764K, committed 40128K, reserved 1089536K
  class space    used 5017K, committed 5184K, reserved 1048576K
}
Event: 2.730 GC heap after
{Heap after GC invocations=18 (full 0):
 garbage-first heap   total 428032K, used 80722K [0x0000000700c00000, 0x0000000800000000)
  region size 2048K, 3 young (6144K), 3 survivors (6144K)
 Metaspace       used 39764K, committed 40128K, reserved 1089536K
  class space    used 5017K, committed 5184K, reserved 1048576K
}
Event: 2.784 GC heap before
{Heap before GC invocations=18 (full 0):
 garbage-first heap   total 428032K, used 320338K [0x0000000700c00000, 0x0000000800000000)
  region size 2048K, 121 young (247808K), 3 survivors (6144K)
 Metaspace       used 40230K, committed 40576K, reserved 1089536K
  class space    used 5064K, committed 5248K, reserved 1048576K
}
Event: 2.792 GC heap after
{Heap after GC invocations=19 (full 0):
 garbage-first heap   total 428032K, used 90309K [0x0000000700c00000, 0x0000000800000000)
  region size 2048K, 8 young (16384K), 8 survivors (16384K)
 Metaspace       used 40230K, committed 40576K, reserved 1089536K
  class space    used 5064K, committed 5248K, reserved 1048576K
}
Event: 2.824 GC heap before
{Heap before GC invocations=19 (full 0):
 garbage-first heap   total 428032K, used 327877K [0x0000000700c00000, 0x0000000800000000)
  region size 2048K, 125 young (256000K), 8 survivors (16384K)
 Metaspace       used 40386K, committed 40704K, reserved 1089536K
  class space    used 5079K, committed 5248K, reserved 1048576K
}
Event: 2.834 GC heap after
{Heap after GC invocations=20 (full 0):
 garbage-first heap   total 428032K, used 100940K [0x0000000700c00000, 0x0000000800000000)
  region size 2048K, 13 young (26624K), 13 survivors (26624K)
 Metaspace       used 40386K, committed 40704K, reserved 1089536K
  class space    used 5079K, committed 5248K, reserved 1048576K
}
Event: 2.860 GC heap before
{Heap before GC invocations=20 (full 0):
 garbage-first heap   total 428032K, used 328268K [0x0000000700c00000, 0x0000000800000000)
  region size 2048K, 125 young (256000K), 13 survivors (26624K)
 Metaspace       used 40466K, committed 40768K, reserved 1089536K
  class space    used 5087K, committed 5248K, reserved 1048576K
}
Event: 2.874 GC heap after
{Heap after GC invocations=21 (full 0):
 garbage-first heap   total 428032K, used 110520K [0x0000000700c00000, 0x0000000800000000)
  region size 2048K, 11 young (22528K), 11 survivors (22528K)
 Metaspace       used 40466K, committed 40768K, reserved 1089536K
  class space    used 5087K, committed 5248K, reserved 1048576K
}
Event: 2.907 GC heap before
{Heap before GC invocations=21 (full 0):
 garbage-first heap   total 428032K, used 341944K [0x0000000700c00000, 0x0000000800000000)
  region size 2048K, 125 young (256000K), 11 survivors (22528K)
 Metaspace       used 40793K, committed 41152K, reserved 1089536K
  class space    used 5091K, committed 5248K, reserved 1048576K
}

